2022-03-30 17:10:18.530  INFO 21816 --- [main] c.e.u.UserServiceApplicationTests        : Starting UserServiceApplicationTests using Java 1.8.0_321 on MAVBCP3542 with PID 21816 (started by gyarab in D:\Training\New folder\user-service)
2022-03-30 17:10:18.602  INFO 21816 --- [main] c.e.u.UserServiceApplicationTests        : No active profile set, falling back to 1 default profile: "default"
2022-03-30 17:10:22.961  INFO 21816 --- [main] .s.d.r.c.RepositoryConfigurationDelegate : Bootstrapping Spring Data MongoDB repositories in DEFAULT mode.
2022-03-30 17:10:24.181  INFO 21816 --- [main] .s.d.r.c.RepositoryConfigurationDelegate : Finished Spring Data repository scanning in 1206 ms. Found 1 MongoDB repository interfaces.
2022-03-30 17:10:25.665  INFO 21816 --- [main] o.s.cloud.context.scope.GenericScope     : BeanFactory id=b443539a-1666-3b0b-a1d9-98426f2f026b
2022-03-30 17:10:34.147  INFO 21816 --- [main] org.mongodb.driver.cluster               : Cluster created with settings {hosts=[localhost:27017], mode=SINGLE, requiredClusterType=UNKNOWN, serverSelectionTimeout='30000 ms'}
2022-03-30 17:10:34.943  INFO 21816 --- [cluster-ClusterId{value='624441b25cecdf0ee4c4cbdf', description='null'}-localhost:27017] org.mongodb.driver.connection            : Opened connection [connectionId{localValue:1, serverValue:14}] to localhost:27017
2022-03-30 17:10:34.946  INFO 21816 --- [cluster-ClusterId{value='624441b25cecdf0ee4c4cbdf', description='null'}-localhost:27017] org.mongodb.driver.cluster               : Monitor thread successfully connected to server with description ServerDescription{address=localhost:27017, type=STANDALONE, state=CONNECTED, ok=true, minWireVersion=0, maxWireVersion=13, maxDocumentSize=16777216, logicalSessionTimeoutMinutes=30, roundTripTimeNanos=72864500}
2022-03-30 17:10:34.985  INFO 21816 --- [cluster-rtt-ClusterId{value='624441b25cecdf0ee4c4cbdf', description='null'}-localhost:27017] org.mongodb.driver.connection            : Opened connection [connectionId{localValue:2, serverValue:15}] to localhost:27017
2022-03-30 17:10:35.077  WARN 21816 --- [main] o.s.data.convert.CustomConversions       : Registering converter from class java.time.LocalDateTime to class org.joda.time.LocalDateTime as reading converter although it doesn't convert from a store-supported type! You might want to check your annotation setup at the converter implementation.
2022-03-30 17:10:35.886  WARN 21816 --- [main] o.s.data.convert.CustomConversions       : Registering converter from class java.time.LocalDateTime to class org.joda.time.LocalDateTime as reading converter although it doesn't convert from a store-supported type! You might want to check your annotation setup at the converter implementation.
2022-03-30 17:10:50.127  INFO 21816 --- [main] DiscoveryClientOptionalArgsConfiguration : Eureka HTTP Client uses RestTemplate.
2022-03-30 17:10:58.668  WARN 21816 --- [main] iguration$LoadBalancerCaffeineWarnLogger : Spring Cloud LoadBalancer is currently working with the default cache. While this cache implementation is useful for development and tests, it's recommended to use Caffeine cache in production.You can switch to using Caffeine cache, by adding it and org.springframework.cache.caffeine.CaffeineCacheManager to the classpath.
2022-03-30 17:10:58.956  INFO 21816 --- [main] o.s.c.n.eureka.InstanceInfoFactory       : Setting initial instance status as: STARTING
2022-03-30 17:10:59.816  INFO 21816 --- [main] com.netflix.discovery.DiscoveryClient    : Initializing Eureka in region us-east-1
2022-03-30 17:10:59.850  INFO 21816 --- [main] c.n.d.s.r.aws.ConfigClusterResolver      : Resolving eureka endpoints via configuration
2022-03-30 17:11:00.037  INFO 21816 --- [main] com.netflix.discovery.DiscoveryClient    : Disable delta property : false
2022-03-30 17:11:00.037  INFO 21816 --- [main] com.netflix.discovery.DiscoveryClient    : Single vip registry refresh property : null
2022-03-30 17:11:00.038  INFO 21816 --- [main] com.netflix.discovery.DiscoveryClient    : Force full registry fetch : false
2022-03-30 17:11:00.039  INFO 21816 --- [main] com.netflix.discovery.DiscoveryClient    : Application is null : false
2022-03-30 17:11:00.040  INFO 21816 --- [main] com.netflix.discovery.DiscoveryClient    : Registered Applications size is zero : true
2022-03-30 17:11:00.041  INFO 21816 --- [main] com.netflix.discovery.DiscoveryClient    : Application version is -1: true
2022-03-30 17:11:00.042  INFO 21816 --- [main] com.netflix.discovery.DiscoveryClient    : Getting all instance registry info from the eureka server
2022-03-30 17:11:08.689  INFO 21816 --- [main] com.netflix.discovery.DiscoveryClient    : The response status is 200
2022-03-30 17:11:08.696  INFO 21816 --- [main] com.netflix.discovery.DiscoveryClient    : Starting heartbeat executor: renew interval is: 30
2022-03-30 17:11:08.703  INFO 21816 --- [main] c.n.discovery.InstanceInfoReplicator     : InstanceInfoReplicator onDemand update allowed rate per min is 4
2022-03-30 17:11:08.774  INFO 21816 --- [main] com.netflix.discovery.DiscoveryClient    : Discovery Client initialized at timestamp 1648640468770 with initial instances count: 0
2022-03-30 17:11:08.804  INFO 21816 --- [main] o.s.c.n.e.s.EurekaServiceRegistry        : Registering application USER-SERVICE with eureka with status UP
2022-03-30 17:11:08.807  INFO 21816 --- [main] com.netflix.discovery.DiscoveryClient    : Saw local status change event StatusChangeEvent [timestamp=1648640468807, current=UP, previous=STARTING]
2022-03-30 17:11:08.882  INFO 21816 --- [main] c.e.u.UserServiceApplicationTests        : Started UserServiceApplicationTests in 59.72 seconds (JVM running for 67.975)
2022-03-30 17:11:08.976  INFO 21816 --- [DiscoveryClient-InstanceInfoReplicator-0] com.netflix.discovery.DiscoveryClient    : DiscoveryClient_USER-SERVICE/host.docker.internal:user-service:3005: registering service...
2022-03-30 17:11:10.080  INFO 21816 --- [DiscoveryClient-InstanceInfoReplicator-0] com.netflix.discovery.DiscoveryClient    : DiscoveryClient_USER-SERVICE/host.docker.internal:user-service:3005 - registration status: 204
2022-03-30 17:11:12.661  INFO 21816 --- [SpringApplicationShutdownHook] o.s.c.n.e.s.EurekaServiceRegistry        : Unregistering application USER-SERVICE with eureka with status DOWN
2022-03-30 17:11:12.662  INFO 21816 --- [SpringApplicationShutdownHook] com.netflix.discovery.DiscoveryClient    : Saw local status change event StatusChangeEvent [timestamp=1648640472662, current=DOWN, previous=UP]
2022-03-30 17:11:12.671  INFO 21816 --- [DiscoveryClient-InstanceInfoReplicator-0] com.netflix.discovery.DiscoveryClient    : DiscoveryClient_USER-SERVICE/host.docker.internal:user-service:3005: registering service...
2022-03-30 17:11:12.821  INFO 21816 --- [SpringApplicationShutdownHook] com.netflix.discovery.DiscoveryClient    : Shutting down DiscoveryClient ...
2022-03-30 17:11:12.829  INFO 21816 --- [DiscoveryClient-InstanceInfoReplicator-0] com.netflix.discovery.DiscoveryClient    : DiscoveryClient_USER-SERVICE/host.docker.internal:user-service:3005 - registration status: 204
2022-03-30 17:11:12.835  INFO 21816 --- [SpringApplicationShutdownHook] com.netflix.discovery.DiscoveryClient    : Unregistering ...
2022-03-30 17:11:12.864  INFO 21816 --- [SpringApplicationShutdownHook] com.netflix.discovery.DiscoveryClient    : DiscoveryClient_USER-SERVICE/host.docker.internal:user-service:3005 - deregister  status: 200
2022-03-30 17:11:12.899  INFO 21816 --- [SpringApplicationShutdownHook] com.netflix.discovery.DiscoveryClient    : Completed shut down of DiscoveryClient
2022-03-30 17:16:00.608  INFO 25692 --- [restartedMain] c.e.userservice.UserServiceApplication   : Starting UserServiceApplication using Java 1.8.0_321 on MAVBCP3542 with PID 25692 (D:\Training\New folder\user-service\target\classes started by gyarab in D:\Training\New folder\user-service)
2022-03-30 17:16:00.617  INFO 25692 --- [restartedMain] c.e.userservice.UserServiceApplication   : No active profile set, falling back to 1 default profile: "default"
2022-03-30 17:16:00.963  INFO 25692 --- [restartedMain] .e.DevToolsPropertyDefaultsPostProcessor : Devtools property defaults active! Set 'spring.devtools.add-properties' to 'false' to disable
2022-03-30 17:16:00.964  INFO 25692 --- [restartedMain] .e.DevToolsPropertyDefaultsPostProcessor : For additional web related logging consider setting the 'logging.level.web' property to 'DEBUG'
2022-03-30 17:16:04.446  INFO 25692 --- [restartedMain] .s.d.r.c.RepositoryConfigurationDelegate : Bootstrapping Spring Data MongoDB repositories in DEFAULT mode.
2022-03-30 17:16:05.823  INFO 25692 --- [restartedMain] .s.d.r.c.RepositoryConfigurationDelegate : Finished Spring Data repository scanning in 1293 ms. Found 1 MongoDB repository interfaces.
2022-03-30 17:16:07.569  INFO 25692 --- [restartedMain] o.s.cloud.context.scope.GenericScope     : BeanFactory id=55f012d7-af9e-3023-9863-ed47f91fa68a
2022-03-30 17:16:12.754  INFO 25692 --- [restartedMain] o.s.b.w.embedded.tomcat.TomcatWebServer  : Tomcat initialized with port(s): 3005 (http)
2022-03-30 17:16:12.789  INFO 25692 --- [restartedMain] o.apache.catalina.core.StandardService   : Starting service [Tomcat]
2022-03-30 17:16:12.790  INFO 25692 --- [restartedMain] org.apache.catalina.core.StandardEngine  : Starting Servlet engine: [Apache Tomcat/9.0.58]
2022-03-30 17:16:13.389  INFO 25692 --- [restartedMain] o.a.c.c.C.[Tomcat].[localhost].[/]       : Initializing Spring embedded WebApplicationContext
2022-03-30 17:16:13.390  INFO 25692 --- [restartedMain] w.s.c.ServletWebServerApplicationContext : Root WebApplicationContext: initialization completed in 12425 ms
2022-03-30 17:16:14.516  INFO 25692 --- [restartedMain] org.mongodb.driver.cluster               : Cluster created with settings {hosts=[localhost:27017], mode=SINGLE, requiredClusterType=UNKNOWN, serverSelectionTimeout='30000 ms'}
2022-03-30 17:16:15.244  INFO 25692 --- [cluster-ClusterId{value='624443069f6a923ae9bf83fa', description='null'}-localhost:27017] org.mongodb.driver.connection            : Opened connection [connectionId{localValue:1, serverValue:22}] to localhost:27017
2022-03-30 17:16:15.247  INFO 25692 --- [cluster-ClusterId{value='624443069f6a923ae9bf83fa', description='null'}-localhost:27017] org.mongodb.driver.cluster               : Monitor thread successfully connected to server with description ServerDescription{address=localhost:27017, type=STANDALONE, state=CONNECTED, ok=true, minWireVersion=0, maxWireVersion=13, maxDocumentSize=16777216, logicalSessionTimeoutMinutes=30, roundTripTimeNanos=101336000}
2022-03-30 17:16:15.246  INFO 25692 --- [cluster-rtt-ClusterId{value='624443069f6a923ae9bf83fa', description='null'}-localhost:27017] org.mongodb.driver.connection            : Opened connection [connectionId{localValue:2, serverValue:23}] to localhost:27017
2022-03-30 17:16:15.889  WARN 25692 --- [restartedMain] o.s.data.convert.CustomConversions       : Registering converter from class java.time.LocalDateTime to class org.joda.time.LocalDateTime as reading converter although it doesn't convert from a store-supported type! You might want to check your annotation setup at the converter implementation.
2022-03-30 17:16:16.371  INFO 25692 --- [restartedMain] o.s.b.d.a.OptionalLiveReloadServer       : LiveReload server is running on port 35729
2022-03-30 17:16:16.517  WARN 25692 --- [restartedMain] o.s.data.convert.CustomConversions       : Registering converter from class java.time.LocalDateTime to class org.joda.time.LocalDateTime as reading converter although it doesn't convert from a store-supported type! You might want to check your annotation setup at the converter implementation.
2022-03-30 17:16:21.647  INFO 25692 --- [restartedMain] DiscoveryClientOptionalArgsConfiguration : Eureka HTTP Client uses RestTemplate.
2022-03-30 17:16:24.203  WARN 25692 --- [restartedMain] iguration$LoadBalancerCaffeineWarnLogger : Spring Cloud LoadBalancer is currently working with the default cache. While this cache implementation is useful for development and tests, it's recommended to use Caffeine cache in production.You can switch to using Caffeine cache, by adding it and org.springframework.cache.caffeine.CaffeineCacheManager to the classpath.
2022-03-30 17:16:24.350  INFO 25692 --- [restartedMain] o.s.c.n.eureka.InstanceInfoFactory       : Setting initial instance status as: STARTING
2022-03-30 17:16:24.708  INFO 25692 --- [restartedMain] com.netflix.discovery.DiscoveryClient    : Initializing Eureka in region us-east-1
2022-03-30 17:16:24.723  INFO 25692 --- [restartedMain] c.n.d.s.r.aws.ConfigClusterResolver      : Resolving eureka endpoints via configuration
2022-03-30 17:16:24.870  INFO 25692 --- [restartedMain] com.netflix.discovery.DiscoveryClient    : Disable delta property : false
2022-03-30 17:16:24.870  INFO 25692 --- [restartedMain] com.netflix.discovery.DiscoveryClient    : Single vip registry refresh property : null
2022-03-30 17:16:24.871  INFO 25692 --- [restartedMain] com.netflix.discovery.DiscoveryClient    : Force full registry fetch : false
2022-03-30 17:16:24.871  INFO 25692 --- [restartedMain] com.netflix.discovery.DiscoveryClient    : Application is null : false
2022-03-30 17:16:24.871  INFO 25692 --- [restartedMain] com.netflix.discovery.DiscoveryClient    : Registered Applications size is zero : true
2022-03-30 17:16:24.871  INFO 25692 --- [restartedMain] com.netflix.discovery.DiscoveryClient    : Application version is -1: true
2022-03-30 17:16:24.871  INFO 25692 --- [restartedMain] com.netflix.discovery.DiscoveryClient    : Getting all instance registry info from the eureka server
2022-03-30 17:16:28.786  INFO 25692 --- [restartedMain] com.netflix.discovery.DiscoveryClient    : The response status is 200
2022-03-30 17:16:28.801  INFO 25692 --- [restartedMain] com.netflix.discovery.DiscoveryClient    : Starting heartbeat executor: renew interval is: 30
2022-03-30 17:16:28.808  INFO 25692 --- [restartedMain] c.n.discovery.InstanceInfoReplicator     : InstanceInfoReplicator onDemand update allowed rate per min is 4
2022-03-30 17:16:28.822  INFO 25692 --- [restartedMain] com.netflix.discovery.DiscoveryClient    : Discovery Client initialized at timestamp 1648640788819 with initial instances count: 0
2022-03-30 17:16:28.825  INFO 25692 --- [restartedMain] o.s.c.n.e.s.EurekaServiceRegistry        : Registering application USER-SERVICE with eureka with status UP
2022-03-30 17:16:28.826  INFO 25692 --- [restartedMain] com.netflix.discovery.DiscoveryClient    : Saw local status change event StatusChangeEvent [timestamp=1648640788826, current=UP, previous=STARTING]
2022-03-30 17:16:28.881  INFO 25692 --- [DiscoveryClient-InstanceInfoReplicator-0] com.netflix.discovery.DiscoveryClient    : DiscoveryClient_USER-SERVICE/host.docker.internal:user-service:3005: registering service...
2022-03-30 17:16:28.915  INFO 25692 --- [restartedMain] o.s.b.w.embedded.tomcat.TomcatWebServer  : Tomcat started on port(s): 3005 (http) with context path ''
2022-03-30 17:16:28.919  INFO 25692 --- [restartedMain] .s.c.n.e.s.EurekaAutoServiceRegistration : Updating port to 3005
2022-03-30 17:16:29.033  INFO 25692 --- [DiscoveryClient-InstanceInfoReplicator-0] com.netflix.discovery.DiscoveryClient    : DiscoveryClient_USER-SERVICE/host.docker.internal:user-service:3005 - registration status: 204
2022-03-30 17:16:31.493  INFO 25692 --- [restartedMain] c.e.userservice.UserServiceApplication   : Started UserServiceApplication in 36.739 seconds (JVM running for 41.178)
2022-03-30 17:16:58.794  INFO 25692 --- [DiscoveryClient-CacheRefreshExecutor-0] com.netflix.discovery.DiscoveryClient    : Disable delta property : false
2022-03-30 17:16:58.795  INFO 25692 --- [DiscoveryClient-CacheRefreshExecutor-0] com.netflix.discovery.DiscoveryClient    : Single vip registry refresh property : null
2022-03-30 17:16:58.795  INFO 25692 --- [DiscoveryClient-CacheRefreshExecutor-0] com.netflix.discovery.DiscoveryClient    : Force full registry fetch : false
2022-03-30 17:16:58.795  INFO 25692 --- [DiscoveryClient-CacheRefreshExecutor-0] com.netflix.discovery.DiscoveryClient    : Application is null : false
2022-03-30 17:16:58.795  INFO 25692 --- [DiscoveryClient-CacheRefreshExecutor-0] com.netflix.discovery.DiscoveryClient    : Registered Applications size is zero : true
2022-03-30 17:16:58.796  INFO 25692 --- [DiscoveryClient-CacheRefreshExecutor-0] com.netflix.discovery.DiscoveryClient    : Application version is -1: false
2022-03-30 17:16:58.796  INFO 25692 --- [DiscoveryClient-CacheRefreshExecutor-0] com.netflix.discovery.DiscoveryClient    : Getting all instance registry info from the eureka server
2022-03-30 17:16:58.832  INFO 25692 --- [DiscoveryClient-CacheRefreshExecutor-0] com.netflix.discovery.DiscoveryClient    : The response status is 200
2022-03-30 17:18:37.576  INFO 25692 --- [http-nio-3005-exec-7] o.a.c.c.C.[Tomcat].[localhost].[/]       : Initializing Spring DispatcherServlet 'dispatcherServlet'
2022-03-30 17:18:37.577  INFO 25692 --- [http-nio-3005-exec-7] o.s.web.servlet.DispatcherServlet        : Initializing Servlet 'dispatcherServlet'
2022-03-30 17:18:37.581  INFO 25692 --- [http-nio-3005-exec-7] o.s.web.servlet.DispatcherServlet        : Completed initialization in 4 ms
2022-03-30 17:18:37.648  INFO 25692 --- [http-nio-3005-exec-7] c.e.u.controller.UserController          : Starting of user get all request from user application
2022-03-30 17:18:37.798  INFO 25692 --- [http-nio-3005-exec-7] org.mongodb.driver.connection            : Opened connection [connectionId{localValue:3, serverValue:24}] to localhost:27017
2022-03-30 17:21:24.941  INFO 25692 --- [AsyncResolver-bootstrap-executor-0] c.n.d.s.r.aws.ConfigClusterResolver      : Resolving eureka endpoints via configuration
2022-03-30 17:22:23.959  INFO 25692 --- [http-nio-3005-exec-6] c.e.u.controller.UserController          : Starting of user get by id request from user application
2022-03-30 17:25:39.945  INFO 25692 --- [http-nio-3005-exec-3] c.e.u.controller.UserController          : Starting of user get by id request from user application
2022-03-30 17:25:41.228  INFO 25692 --- [http-nio-3005-exec-1] c.e.u.controller.UserController          : Starting of user get by id request from user application
2022-03-30 17:25:41.275  INFO 25692 --- [http-nio-3005-exec-2] c.e.u.controller.UserController          : Starting of user get by id request from user application
2022-03-30 17:25:41.315  INFO 25692 --- [http-nio-3005-exec-9] c.e.u.controller.UserController          : Starting of user get by id request from user application
2022-03-30 17:25:41.369  INFO 25692 --- [http-nio-3005-exec-8] c.e.u.controller.UserController          : Starting of user get by id request from user application
2022-03-30 17:25:41.411  INFO 25692 --- [http-nio-3005-exec-10] c.e.u.controller.UserController          : Starting of user get by id request from user application
2022-03-30 17:25:41.453  INFO 25692 --- [http-nio-3005-exec-7] c.e.u.controller.UserController          : Starting of user get by id request from user application
2022-03-30 17:25:41.492  INFO 25692 --- [http-nio-3005-exec-5] c.e.u.controller.UserController          : Starting of user get by id request from user application
2022-03-30 17:25:41.528  INFO 25692 --- [http-nio-3005-exec-6] c.e.u.controller.UserController          : Starting of user get by id request from user application
2022-03-30 17:25:41.564  INFO 25692 --- [http-nio-3005-exec-4] c.e.u.controller.UserController          : Starting of user get by id request from user application
2022-03-30 17:25:41.621  INFO 25692 --- [http-nio-3005-exec-3] c.e.u.controller.UserController          : Starting of user get by id request from user application
2022-03-30 17:25:41.668  INFO 25692 --- [http-nio-3005-exec-1] c.e.u.controller.UserController          : Starting of user get by id request from user application
2022-03-30 17:25:41.719  INFO 25692 --- [http-nio-3005-exec-2] c.e.u.controller.UserController          : Starting of user get by id request from user application
2022-03-30 17:26:24.964  INFO 25692 --- [AsyncResolver-bootstrap-executor-0] c.n.d.s.r.aws.ConfigClusterResolver      : Resolving eureka endpoints via configuration
2022-03-30 17:27:56.804  INFO 25692 --- [http-nio-3005-exec-8] c.e.u.controller.UserController          : Starting of user get by id request from user application
2022-03-30 17:27:56.841  INFO 25692 --- [http-nio-3005-exec-10] c.e.u.controller.UserController          : Starting of user get by id request from user application
2022-03-30 17:27:56.860  INFO 25692 --- [http-nio-3005-exec-7] c.e.u.controller.UserController          : Starting of user get by id request from user application
2022-03-30 17:27:56.884  INFO 25692 --- [http-nio-3005-exec-5] c.e.u.controller.UserController          : Starting of user get by id request from user application
2022-03-30 17:27:56.895  INFO 25692 --- [http-nio-3005-exec-6] c.e.u.controller.UserController          : Starting of user get by id request from user application
2022-03-30 17:27:56.908  INFO 25692 --- [http-nio-3005-exec-4] c.e.u.controller.UserController          : Starting of user get by id request from user application
2022-03-30 17:27:56.928  INFO 25692 --- [http-nio-3005-exec-3] c.e.u.controller.UserController          : Starting of user get by id request from user application
2022-03-30 17:27:56.942  INFO 25692 --- [http-nio-3005-exec-1] c.e.u.controller.UserController          : Starting of user get by id request from user application
2022-03-30 17:27:56.953  INFO 25692 --- [http-nio-3005-exec-2] c.e.u.controller.UserController          : Starting of user get by id request from user application
2022-03-30 17:27:56.965  INFO 25692 --- [http-nio-3005-exec-9] c.e.u.controller.UserController          : Starting of user get by id request from user application
2022-03-30 17:27:56.974  INFO 25692 --- [http-nio-3005-exec-8] c.e.u.controller.UserController          : Starting of user get by id request from user application
2022-03-30 17:27:56.985  INFO 25692 --- [http-nio-3005-exec-10] c.e.u.controller.UserController          : Starting of user get by id request from user application
2022-03-30 17:27:56.994  INFO 25692 --- [http-nio-3005-exec-7] c.e.u.controller.UserController          : Starting of user get by id request from user application
2022-03-30 17:27:57.019  INFO 25692 --- [http-nio-3005-exec-5] c.e.u.controller.UserController          : Starting of user get by id request from user application
2022-03-30 17:27:57.029  INFO 25692 --- [http-nio-3005-exec-6] c.e.u.controller.UserController          : Starting of user get by id request from user application
2022-03-30 17:27:57.039  INFO 25692 --- [http-nio-3005-exec-4] c.e.u.controller.UserController          : Starting of user get by id request from user application
2022-03-30 17:27:57.056  INFO 25692 --- [http-nio-3005-exec-3] c.e.u.controller.UserController          : Starting of user get by id request from user application
2022-03-30 17:31:24.986  INFO 25692 --- [AsyncResolver-bootstrap-executor-0] c.n.d.s.r.aws.ConfigClusterResolver      : Resolving eureka endpoints via configuration
2022-03-30 17:36:24.997  INFO 25692 --- [AsyncResolver-bootstrap-executor-0] c.n.d.s.r.aws.ConfigClusterResolver      : Resolving eureka endpoints via configuration
2022-03-30 17:41:25.008  INFO 25692 --- [AsyncResolver-bootstrap-executor-0] c.n.d.s.r.aws.ConfigClusterResolver      : Resolving eureka endpoints via configuration
2022-03-30 17:46:25.018  INFO 25692 --- [AsyncResolver-bootstrap-executor-0] c.n.d.s.r.aws.ConfigClusterResolver      : Resolving eureka endpoints via configuration
2022-03-30 17:51:25.040  INFO 25692 --- [AsyncResolver-bootstrap-executor-0] c.n.d.s.r.aws.ConfigClusterResolver      : Resolving eureka endpoints via configuration
2022-03-30 17:51:58.582  INFO 25692 --- [http-nio-3005-exec-2] c.e.u.controller.UserController          : Starting of user get all request from user application
2022-03-30 17:52:27.030  INFO 25692 --- [SpringApplicationShutdownHook] o.s.c.n.e.s.EurekaServiceRegistry        : Unregistering application USER-SERVICE with eureka with status DOWN
2022-03-30 17:52:27.033  INFO 25692 --- [SpringApplicationShutdownHook] com.netflix.discovery.DiscoveryClient    : Saw local status change event StatusChangeEvent [timestamp=1648642947033, current=DOWN, previous=UP]
2022-03-30 17:52:27.037  INFO 25692 --- [DiscoveryClient-InstanceInfoReplicator-0] com.netflix.discovery.DiscoveryClient    : DiscoveryClient_USER-SERVICE/host.docker.internal:user-service:3005: registering service...
2022-03-30 17:52:27.339  INFO 25692 --- [DiscoveryClient-InstanceInfoReplicator-0] com.netflix.discovery.DiscoveryClient    : DiscoveryClient_USER-SERVICE/host.docker.internal:user-service:3005 - registration status: 204
2022-03-30 17:52:30.274  INFO 25692 --- [SpringApplicationShutdownHook] com.netflix.discovery.DiscoveryClient    : Shutting down DiscoveryClient ...
2022-03-30 17:52:33.278  WARN 25692 --- [DiscoveryClient-1] c.netflix.discovery.TimedSupervisorTask  : task supervisor shutting down, can't accept the task
2022-03-30 17:52:33.300  INFO 25692 --- [SpringApplicationShutdownHook] com.netflix.discovery.DiscoveryClient    : Unregistering ...
2022-03-30 17:52:33.318  INFO 25692 --- [SpringApplicationShutdownHook] com.netflix.discovery.DiscoveryClient    : DiscoveryClient_USER-SERVICE/host.docker.internal:user-service:3005 - deregister  status: 200
2022-03-30 17:52:33.341  INFO 25692 --- [SpringApplicationShutdownHook] com.netflix.discovery.DiscoveryClient    : Completed shut down of DiscoveryClient
